<?xml version="1.0" encoding="UTF-8"?>
<!-- Generated by org.testng.reporters.JUnitXMLReporter -->
<testsuite hostname="DESKTOP-N6VKOK7" name="Surefire test" tests="3" failures="0" timestamp="2 Aug 2017 13:30:28 GMT" time="4.693" errors="0">
  <testcase name="testHasMatchUser" time="0.073" classname="com.smart.service.UserServiceTest"/>
  <testcase name="testAddLoginLog" time="0.191" classname="com.smart.service.UserServiceTest"/>
  <testcase name="testFindUserByUserName" time="0.262" classname="com.smart.service.UserServiceTest"/>
</testsuite> <!-- Surefire test -->
