<?xml version="1.0" encoding="UTF-8"?>
<testng-results skipped="0" failed="0" total="3" passed="3">
  <reporter-output>
  </reporter-output>
  <suite name="Surefire suite" duration-ms="4693" started-at="2017-08-02T13:30:23Z" finished-at="2017-08-02T13:30:28Z">
    <groups>
    </groups>
    <test name="Surefire test" duration-ms="4693" started-at="2017-08-02T13:30:23Z" finished-at="2017-08-02T13:30:28Z">
      <class name="com.smart.service.UserServiceTest">
        <test-method status="PASS" signature="springTestContextBeforeTestClass()[pri:0, instance:com.smart.service.UserServiceTest@5ae63ade]" name="springTestContextBeforeTestClass" is-config="true" duration-ms="15" started-at="2017-08-02T21:30:23Z" finished-at="2017-08-02T21:30:23Z">
          <reporter-output>
          </reporter-output>
        </test-method> <!-- springTestContextBeforeTestClass -->
        <test-method status="PASS" signature="springTestContextPrepareTestInstance()[pri:0, instance:com.smart.service.UserServiceTest@5ae63ade]" name="springTestContextPrepareTestInstance" is-config="true" duration-ms="3740" started-at="2017-08-02T21:30:23Z" depends-on-methods="org.springframework.test.context.testng.AbstractTestNGSpringContextTests.springTestContextBeforeTestClass" finished-at="2017-08-02T21:30:27Z">
          <reporter-output>
          </reporter-output>
        </test-method> <!-- springTestContextPrepareTestInstance -->
        <test-method status="PASS" signature="springTestContextBeforeTestMethod(java.lang.reflect.Method)[pri:0, instance:com.smart.service.UserServiceTest@5ae63ade]" name="springTestContextBeforeTestMethod" is-config="true" duration-ms="637" started-at="2017-08-02T21:30:27Z" finished-at="2017-08-02T21:30:28Z">
          <params>
            <param index="0">
              <value>
                <![CDATA[public void com.smart.service.UserServiceTest.testHasMatchUser()]]>
              </value>
            </param>
          </params>
          <reporter-output>
          </reporter-output>
        </test-method> <!-- springTestContextBeforeTestMethod -->
        <test-method status="PASS" signature="springTestContextBeforeTestMethod(java.lang.reflect.Method)[pri:0, instance:com.smart.service.UserServiceTest@5ae63ade]" name="springTestContextBeforeTestMethod" is-config="true" duration-ms="629" started-at="2017-08-02T21:30:27Z" finished-at="2017-08-02T21:30:28Z">
          <params>
            <param index="0">
              <value>
                <![CDATA[public void com.smart.service.UserServiceTest.testFindUserByUserName() throws java.lang.Exception]]>
              </value>
            </param>
          </params>
          <reporter-output>
          </reporter-output>
        </test-method> <!-- springTestContextBeforeTestMethod -->
        <test-method status="PASS" signature="springTestContextBeforeTestMethod(java.lang.reflect.Method)[pri:0, instance:com.smart.service.UserServiceTest@5ae63ade]" name="springTestContextBeforeTestMethod" is-config="true" duration-ms="613" started-at="2017-08-02T21:30:27Z" finished-at="2017-08-02T21:30:28Z">
          <params>
            <param index="0">
              <value>
                <![CDATA[public void com.smart.service.UserServiceTest.testAddLoginLog()]]>
              </value>
            </param>
          </params>
          <reporter-output>
          </reporter-output>
        </test-method> <!-- springTestContextBeforeTestMethod -->
        <test-method status="PASS" signature="testHasMatchUser()[pri:0, instance:com.smart.service.UserServiceTest@5ae63ade]" name="testHasMatchUser" duration-ms="73" started-at="2017-08-02T21:30:28Z" finished-at="2017-08-02T21:30:28Z">
          <reporter-output>
          </reporter-output>
        </test-method> <!-- testHasMatchUser -->
        <test-method status="PASS" signature="testFindUserByUserName()[pri:0, instance:com.smart.service.UserServiceTest@5ae63ade]" name="testFindUserByUserName" duration-ms="262" started-at="2017-08-02T21:30:28Z" finished-at="2017-08-02T21:30:28Z">
          <reporter-output>
          </reporter-output>
        </test-method> <!-- testFindUserByUserName -->
        <test-method status="PASS" signature="testAddLoginLog()[pri:0, instance:com.smart.service.UserServiceTest@5ae63ade]" name="testAddLoginLog" duration-ms="191" started-at="2017-08-02T21:30:28Z" finished-at="2017-08-02T21:30:28Z">
          <reporter-output>
          </reporter-output>
        </test-method> <!-- testAddLoginLog -->
        <test-method status="PASS" signature="springTestContextAfterTestMethod(java.lang.reflect.Method)[pri:0, instance:com.smart.service.UserServiceTest@5ae63ade]" name="springTestContextAfterTestMethod" is-config="true" duration-ms="7" started-at="2017-08-02T21:30:28Z" finished-at="2017-08-02T21:30:28Z">
          <params>
            <param index="0">
              <value>
                <![CDATA[public void com.smart.service.UserServiceTest.testHasMatchUser()]]>
              </value>
            </param>
          </params>
          <reporter-output>
          </reporter-output>
        </test-method> <!-- springTestContextAfterTestMethod -->
        <test-method status="PASS" signature="springTestContextAfterTestMethod(java.lang.reflect.Method)[pri:0, instance:com.smart.service.UserServiceTest@5ae63ade]" name="springTestContextAfterTestMethod" is-config="true" duration-ms="13" started-at="2017-08-02T21:30:28Z" finished-at="2017-08-02T21:30:28Z">
          <params>
            <param index="0">
              <value>
                <![CDATA[public void com.smart.service.UserServiceTest.testAddLoginLog()]]>
              </value>
            </param>
          </params>
          <reporter-output>
          </reporter-output>
        </test-method> <!-- springTestContextAfterTestMethod -->
        <test-method status="PASS" signature="springTestContextAfterTestMethod(java.lang.reflect.Method)[pri:0, instance:com.smart.service.UserServiceTest@5ae63ade]" name="springTestContextAfterTestMethod" is-config="true" duration-ms="6" started-at="2017-08-02T21:30:28Z" finished-at="2017-08-02T21:30:28Z">
          <params>
            <param index="0">
              <value>
                <![CDATA[public void com.smart.service.UserServiceTest.testFindUserByUserName() throws java.lang.Exception]]>
              </value>
            </param>
          </params>
          <reporter-output>
          </reporter-output>
        </test-method> <!-- springTestContextAfterTestMethod -->
        <test-method status="PASS" signature="springTestContextAfterTestClass()[pri:0, instance:com.smart.service.UserServiceTest@5ae63ade]" name="springTestContextAfterTestClass" is-config="true" duration-ms="0" started-at="2017-08-02T21:30:28Z" finished-at="2017-08-02T21:30:28Z">
          <reporter-output>
          </reporter-output>
        </test-method> <!-- springTestContextAfterTestClass -->
      </class> <!-- com.smart.service.UserServiceTest -->
    </test> <!-- Surefire test -->
  </suite> <!-- Surefire suite -->
</testng-results>
